<?xml version="1.0" encoding="UTF-8"?>
<testsuite xmlns:xsi="http://www.w3.org/2001/XMLSchema-instance" xsi:noNamespaceSchemaLocation="https://maven.apache.org/surefire/maven-surefire-plugin/xsd/surefire-test-report-3.0.xsd" version="3.0" name="DocumentPersistenceManagerTest" time="0.038" tests="8" errors="0" skipped="0" failures="0">
  <properties>
    <property name="java.specification.version" value="17"/>
    <property name="sun.jnu.encoding" value="UTF-8"/>
    <property name="java.class.path" value="/Users/gabrieldershowitz/edu/yu/cs/DataStructures/PrivateRepo/Dershowitz_Gabriel_800730311/DataStructures/project/stage6/target/test-classes:/Users/gabrieldershowitz/edu/yu/cs/DataStructures/PrivateRepo/Dershowitz_Gabriel_800730311/DataStructures/project/stage6/target/classes:/Users/gabrieldershowitz/.m2/repository/org/junit/jupiter/junit-jupiter/5.8.1/junit-jupiter-5.8.1.jar:/Users/gabrieldershowitz/.m2/repository/org/junit/jupiter/junit-jupiter-api/5.8.1/junit-jupiter-api-5.8.1.jar:/Users/gabrieldershowitz/.m2/repository/org/opentest4j/opentest4j/1.2.0/opentest4j-1.2.0.jar:/Users/gabrieldershowitz/.m2/repository/org/junit/platform/junit-platform-commons/1.8.1/junit-platform-commons-1.8.1.jar:/Users/gabrieldershowitz/.m2/repository/org/apiguardian/apiguardian-api/1.1.2/apiguardian-api-1.1.2.jar:/Users/gabrieldershowitz/.m2/repository/org/junit/jupiter/junit-jupiter-params/5.8.1/junit-jupiter-params-5.8.1.jar:/Users/gabrieldershowitz/.m2/repository/org/junit/jupiter/junit-jupiter-engine/5.8.1/junit-jupiter-engine-5.8.1.jar:/Users/gabrieldershowitz/.m2/repository/org/junit/platform/junit-platform-engine/1.8.1/junit-platform-engine-1.8.1.jar:/Users/gabrieldershowitz/.m2/repository/com/google/code/gson/gson/2.9.0/gson-2.9.0.jar:/Users/gabrieldershowitz/.m2/repository/jakarta/xml/bind/jakarta.xml.bind-api/4.0.2/jakarta.xml.bind-api-4.0.2.jar:/Users/gabrieldershowitz/.m2/repository/jakarta/activation/jakarta.activation-api/2.1.3/jakarta.activation-api-2.1.3.jar:/Users/gabrieldershowitz/.m2/repository/com/sun/xml/bind/jaxb-impl/4.0.5/jaxb-impl-4.0.5.jar:/Users/gabrieldershowitz/.m2/repository/com/sun/xml/bind/jaxb-core/4.0.5/jaxb-core-4.0.5.jar:/Users/gabrieldershowitz/.m2/repository/org/eclipse/angus/angus-activation/2.0.2/angus-activation-2.0.2.jar:"/>
    <property name="java.vm.vendor" value="Oracle Corporation"/>
    <property name="sun.arch.data.model" value="64"/>
    <property name="java.vendor.url" value="https://java.oracle.com/"/>
    <property name="os.name" value="Mac OS X"/>
    <property name="java.vm.specification.version" value="17"/>
    <property name="sun.java.launcher" value="SUN_STANDARD"/>
    <property name="user.country" value="US"/>
    <property name="sun.boot.library.path" value="/Library/Java/JavaVirtualMachines/jdk-17.jdk/Contents/Home/lib"/>
    <property name="sun.java.command" value="/Users/gabrieldershowitz/edu/yu/cs/DataStructures/PrivateRepo/Dershowitz_Gabriel_800730311/DataStructures/project/stage6/target/surefire/surefirebooter-20240904234122195_3.jar /Users/gabrieldershowitz/edu/yu/cs/DataStructures/PrivateRepo/Dershowitz_Gabriel_800730311/DataStructures/project/stage6/target/surefire 2024-09-04T23-41-22_097-jvmRun1 surefire-20240904234122195_1tmp surefire_0-20240904234122195_2tmp"/>
    <property name="http.nonProxyHosts" value="local|*.local|169.254/16|*.169.254/16"/>
    <property name="jdk.debug" value="release"/>
    <property name="surefire.test.class.path" value="/Users/gabrieldershowitz/edu/yu/cs/DataStructures/PrivateRepo/Dershowitz_Gabriel_800730311/DataStructures/project/stage6/target/test-classes:/Users/gabrieldershowitz/edu/yu/cs/DataStructures/PrivateRepo/Dershowitz_Gabriel_800730311/DataStructures/project/stage6/target/classes:/Users/gabrieldershowitz/.m2/repository/org/junit/jupiter/junit-jupiter/5.8.1/junit-jupiter-5.8.1.jar:/Users/gabrieldershowitz/.m2/repository/org/junit/jupiter/junit-jupiter-api/5.8.1/junit-jupiter-api-5.8.1.jar:/Users/gabrieldershowitz/.m2/repository/org/opentest4j/opentest4j/1.2.0/opentest4j-1.2.0.jar:/Users/gabrieldershowitz/.m2/repository/org/junit/platform/junit-platform-commons/1.8.1/junit-platform-commons-1.8.1.jar:/Users/gabrieldershowitz/.m2/repository/org/apiguardian/apiguardian-api/1.1.2/apiguardian-api-1.1.2.jar:/Users/gabrieldershowitz/.m2/repository/org/junit/jupiter/junit-jupiter-params/5.8.1/junit-jupiter-params-5.8.1.jar:/Users/gabrieldershowitz/.m2/repository/org/junit/jupiter/junit-jupiter-engine/5.8.1/junit-jupiter-engine-5.8.1.jar:/Users/gabrieldershowitz/.m2/repository/org/junit/platform/junit-platform-engine/1.8.1/junit-platform-engine-1.8.1.jar:/Users/gabrieldershowitz/.m2/repository/com/google/code/gson/gson/2.9.0/gson-2.9.0.jar:/Users/gabrieldershowitz/.m2/repository/jakarta/xml/bind/jakarta.xml.bind-api/4.0.2/jakarta.xml.bind-api-4.0.2.jar:/Users/gabrieldershowitz/.m2/repository/jakarta/activation/jakarta.activation-api/2.1.3/jakarta.activation-api-2.1.3.jar:/Users/gabrieldershowitz/.m2/repository/com/sun/xml/bind/jaxb-impl/4.0.5/jaxb-impl-4.0.5.jar:/Users/gabrieldershowitz/.m2/repository/com/sun/xml/bind/jaxb-core/4.0.5/jaxb-core-4.0.5.jar:/Users/gabrieldershowitz/.m2/repository/org/eclipse/angus/angus-activation/2.0.2/angus-activation-2.0.2.jar:"/>
    <property name="sun.cpu.endian" value="little"/>
    <property name="user.home" value="/Users/gabrieldershowitz"/>
    <property name="user.language" value="en"/>
    <property name="java.specification.vendor" value="Oracle Corporation"/>
    <property name="java.version.date" value="2023-10-17"/>
    <property name="java.home" value="/Library/Java/JavaVirtualMachines/jdk-17.jdk/Contents/Home"/>
    <property name="file.separator" value="/"/>
    <property name="basedir" value="/Users/gabrieldershowitz/edu/yu/cs/DataStructures/PrivateRepo/Dershowitz_Gabriel_800730311/DataStructures/project/stage6"/>
    <property name="java.vm.compressedOopsMode" value="Zero based"/>
    <property name="line.separator" value="&#10;"/>
    <property name="java.specification.name" value="Java Platform API Specification"/>
    <property name="java.vm.specification.vendor" value="Oracle Corporation"/>
    <property name="surefire.real.class.path" value="/Users/gabrieldershowitz/edu/yu/cs/DataStructures/PrivateRepo/Dershowitz_Gabriel_800730311/DataStructures/project/stage6/target/surefire/surefirebooter-20240904234122195_3.jar"/>
    <property name="sun.management.compiler" value="HotSpot 64-Bit Tiered Compilers"/>
    <property name="ftp.nonProxyHosts" value="local|*.local|169.254/16|*.169.254/16"/>
    <property name="java.runtime.version" value="17.0.9+11-LTS-201"/>
    <property name="user.name" value="gabrieldershowitz"/>
    <property name="path.separator" value=":"/>
    <property name="os.version" value="14.0"/>
    <property name="java.runtime.name" value="Java(TM) SE Runtime Environment"/>
    <property name="file.encoding" value="UTF-8"/>
    <property name="java.vm.name" value="Java HotSpot(TM) 64-Bit Server VM"/>
    <property name="localRepository" value="/Users/gabrieldershowitz/.m2/repository"/>
    <property name="java.vendor.url.bug" value="https://bugreport.java.com/bugreport/"/>
    <property name="java.io.tmpdir" value="/var/folders/sk/fk84zjrx5mgbd40f2x_kyhjm0000gn/T/"/>
    <property name="java.version" value="17.0.9"/>
    <property name="user.dir" value="/Users/gabrieldershowitz/edu/yu/cs/DataStructures/PrivateRepo/Dershowitz_Gabriel_800730311/DataStructures/project/stage6"/>
    <property name="os.arch" value="aarch64"/>
    <property name="java.vm.specification.name" value="Java Virtual Machine Specification"/>
    <property name="native.encoding" value="UTF-8"/>
    <property name="java.library.path" value="/Users/gabrieldershowitz/Library/Java/Extensions:/Library/Java/Extensions:/Network/Library/Java/Extensions:/System/Library/Java/Extensions:/usr/lib/java:."/>
    <property name="java.vm.info" value="mixed mode, sharing"/>
    <property name="java.vendor" value="Oracle Corporation"/>
    <property name="java.vm.version" value="17.0.9+11-LTS-201"/>
    <property name="sun.io.unicode.encoding" value="UnicodeBig"/>
    <property name="socksNonProxyHosts" value="local|*.local|169.254/16|*.169.254/16"/>
    <property name="java.class.version" value="61.0"/>
  </properties>
  <testcase name="testdeserialization" classname="DocumentPersistenceManagerTest" time="0.006"/>
  <testcase name="testdeserializationfromdirectory" classname="DocumentPersistenceManagerTest" time="0.006"/>
  <testcase name="testdeserializationasexpected" classname="DocumentPersistenceManagerTest" time="0.001"/>
  <testcase name="testfiledeletion" classname="DocumentPersistenceManagerTest" time="0.004"/>
  <testcase name="stagebTestDeserialization" classname="DocumentPersistenceManagerTest" time="0.009"/>
  <testcase name="stagebTestSerializationContent" classname="DocumentPersistenceManagerTest" time="0.005">
    <system-err><![CDATA[TestUtils.urlToFile file path: /var/folders/sk/fk84zjrx5mgbd40f2x_kyhjm0000gn/T/stage612966857451797713986/edu.yu.cs/com1320/project/doc1.json
TestUtils.getContents file path: /var/folders/sk/fk84zjrx5mgbd40f2x_kyhjm0000gn/T/stage612966857451797713986/edu.yu.cs/com1320/project/doc1.json
TestUtils.urlToFile file path: /var/folders/sk/fk84zjrx5mgbd40f2x_kyhjm0000gn/T/stage612966857451797713986/edu.yu.cs/com1320/project/doc2.json
TestUtils.getContents file path: /var/folders/sk/fk84zjrx5mgbd40f2x_kyhjm0000gn/T/stage612966857451797713986/edu.yu.cs/com1320/project/doc2.json
TestUtils.urlToFile file path: /var/folders/sk/fk84zjrx5mgbd40f2x_kyhjm0000gn/T/stage612966857451797713986/cs.nyu.edu/datastructs/project/doc2.json
TestUtils.getContents file path: /var/folders/sk/fk84zjrx5mgbd40f2x_kyhjm0000gn/T/stage612966857451797713986/cs.nyu.edu/datastructs/project/doc2.json
]]></system-err>
  </testcase>
  <testcase name="testserialization" classname="DocumentPersistenceManagerTest" time="0.001"/>
  <testcase name="testserializefromdirectory" classname="DocumentPersistenceManagerTest" time="0.003"/>
</testsuite>